TN:
SF:app.js
FNF:0
FNH:0
DA:2,2
DA:3,2
DA:4,2
DA:6,2
DA:7,2
DA:8,2
DA:10,2
DA:12,2
LF:8
LH:8
BRF:0
BRH:0
end_of_record
TN:
SF:controllers\taskController.js
FN:4,(anonymous_0)
FN:14,(anonymous_1)
FN:25,(anonymous_2)
FN:36,(anonymous_3)
FN:46,(anonymous_4)
FNF:5
FNH:5
FNDA:3,(anonymous_0)
FNDA:3,(anonymous_1)
FNDA:3,(anonymous_2)
FNDA:3,(anonymous_3)
FNDA:3,(anonymous_4)
DA:1,3
DA:4,3
DA:5,3
DA:6,3
DA:7,3
DA:9,0
DA:14,3
DA:15,3
DA:16,3
DA:17,3
DA:18,3
DA:20,0
DA:25,3
DA:26,3
DA:27,3
DA:28,3
DA:29,3
DA:31,0
DA:36,3
DA:37,3
DA:38,3
DA:39,3
DA:41,0
DA:46,3
DA:47,3
DA:48,3
DA:49,3
DA:51,0
LF:28
LH:23
BRDA:17,0,0,0
BRDA:17,0,1,3
BRF:2
BRH:1
end_of_record
TN:
SF:models\Tasks.js
FNF:0
FNH:0
DA:1,3
DA:3,3
DA:12,3
LF:3
LH:3
BRF:0
BRH:0
end_of_record
TN:
SF:routes\taskRoutes.js
FNF:0
FNH:0
DA:1,2
DA:2,2
DA:9,2
DA:11,2
DA:12,2
DA:13,2
DA:14,2
DA:15,2
DA:17,2
LF:9
LH:9
BRF:0
BRH:0
end_of_record
